<?xml version="1.0" encoding="UTF-8"?>
<!-- Generated by org.testng.reporters.JUnitReportReporter -->
<testsuite hostname="LAPTOP-099NDTTJ" failures="0" tests="2" name="TravelApp.View_Routes_Feedback" time="17.974" errors="0" timestamp="2024-08-11T11:18:59 GMT-04:00" skipped="0">
  <testcase classname="TravelApp.View_Routes_Feedback" name="View_Routes_btn" time="7.071"/>
  <testcase classname="TravelApp.View_Routes_Feedback" name="View_Feedback_btn" time="10.903"/>
</testsuite> <!-- TravelApp.View_Routes_Feedback -->
