<?xml version="1.0" encoding="UTF-8"?>
<!-- Generated by org.testng.reporters.JUnitReportReporter -->
<testsuite hostname="LAPTOP-099NDTTJ" failures="0" tests="7" name="TravelApp.Add_routes_Test_Cases" time="66.727" errors="0" timestamp="2024-08-11T11:18:59 GMT-04:00" skipped="0">
  <testcase classname="TravelApp.Add_routes_Test_Cases" name="Min_valid_add_routes" time="9.268"/>
  <testcase classname="TravelApp.Add_routes_Test_Cases" name="valid_add_routes" time="8.993"/>
  <testcase classname="TravelApp.Add_routes_Test_Cases" name="Max_valid_add_routes" time="10.477"/>
  <testcase classname="TravelApp.Add_routes_Test_Cases" name="valid_add_routes_Clr" time="8.981"/>
  <testcase classname="TravelApp.Add_routes_Test_Cases" name="max_Invalid_add_route" time="10.495"/>
  <testcase classname="TravelApp.Add_routes_Test_Cases" name="empty_Invalid_add_route" time="8.684"/>
  <testcase classname="TravelApp.Add_routes_Test_Cases" name="format_Invalid_add_route" time="9.829"/>
</testsuite> <!-- TravelApp.Add_routes_Test_Cases -->
