<?xml version="1.0" encoding="UTF-8"?>
<!-- Generated by org.testng.reporters.JUnitReportReporter -->
<testsuite hostname="LAPTOP-099NDTTJ" failures="0" tests="1" name="TravelApp.Admin_LogOut" time="4.513" errors="0" timestamp="2024-08-11T11:18:59 GMT-04:00" skipped="0">
  <testcase classname="TravelApp.Admin_LogOut" name="LogOut" time="4.513"/>
</testsuite> <!-- TravelApp.Admin_LogOut -->
